<?xml version="1.0" encoding="UTF-8"?>
<!-- Generated by org.testng.reporters.JUnitXMLReporter -->
<testsuite hostname="IBM185-PC0F1EB5" ignored="0" name="Default test" tests="3" failures="0" timestamp="21 Nov 2017 12:14:55 GMT" time="0.031" errors="0">
  <testcase name="clicklink" time="0.016" classname="demo.demo.AutomationTest"/>
  <testcase name="clicklinkfailed" time="0.0" classname="demo.demo.AutomationTest"/>
  <testcase name="login" time="0.0" classname="demo.demo.AutomationTest"/>
</testsuite> <!-- Default test -->
